update-alternatives 2016-05-17 08:56:51: run with --install /usr/bin/php php /usr/bin/php5 50 --slave /usr/share/man/man1/php.1.gz php.1.gz /usr/share/man/man1/php5.1.gz
update-alternatives 2016-05-17 08:56:51: link group php updated to point to /usr/bin/php5
update-alternatives 2016-05-17 09:03:01: run with --install /usr/bin/vim vim /usr/bin/vim.basic 30
update-alternatives 2016-05-17 09:03:01: link group vim updated to point to /usr/bin/vim.basic
update-alternatives 2016-05-17 09:03:01: run with --install /usr/bin/vimdiff vimdiff /usr/bin/vim.basic 30
update-alternatives 2016-05-17 09:03:01: link group vimdiff updated to point to /usr/bin/vim.basic
update-alternatives 2016-05-17 09:03:01: run with --install /usr/bin/rvim rvim /usr/bin/vim.basic 30
update-alternatives 2016-05-17 09:03:01: link group rvim updated to point to /usr/bin/vim.basic
update-alternatives 2016-05-17 09:03:01: run with --install /usr/bin/rview rview /usr/bin/vim.basic 30
update-alternatives 2016-05-17 09:03:01: link group rview updated to point to /usr/bin/vim.basic
update-alternatives 2016-05-17 09:03:01: run with --install /usr/bin/vi vi /usr/bin/vim.basic 30 --slave /usr/share/man/fr/man1/vi.1.gz vi.fr.1.gz /usr/share/man/fr/man1/vim.1.gz --slave /usr/share/man/it/man1/vi.1.gz vi.it.1.gz /usr/share/man/it/man1/vim.1.gz --slave /usr/share/man/pl/man1/vi.1.gz vi.pl.1.gz /usr/share/man/pl/man1/vim.1.gz --slave /usr/share/man/ru/man1/vi.1.gz vi.ru.1.gz /usr/share/man/ru/man1/vim.1.gz --slave /usr/share/man/ja/man1/vi.1.gz vi.ja.1.gz /usr/share/man/ja/man1/vim.1.gz --slave /usr/share/man/man1/vi.1.gz vi.1.gz /usr/share/man/man1/vim.1.gz
update-alternatives 2016-05-17 09:03:01: link group vi updated to point to /usr/bin/vim.basic
update-alternatives 2016-05-17 09:03:01: run with --install /usr/bin/view view /usr/bin/vim.basic 30 --slave /usr/share/man/fr/man1/view.1.gz view.fr.1.gz /usr/share/man/fr/man1/vim.1.gz --slave /usr/share/man/it/man1/view.1.gz view.it.1.gz /usr/share/man/it/man1/vim.1.gz --slave /usr/share/man/pl/man1/view.1.gz view.pl.1.gz /usr/share/man/pl/man1/vim.1.gz --slave /usr/share/man/ru/man1/view.1.gz view.ru.1.gz /usr/share/man/ru/man1/vim.1.gz --slave /usr/share/man/ja/man1/view.1.gz view.ja.1.gz /usr/share/man/ja/man1/vim.1.gz --slave /usr/share/man/man1/view.1.gz view.1.gz /usr/share/man/man1/vim.1.gz
update-alternatives 2016-05-17 09:03:01: link group view updated to point to /usr/bin/vim.basic
update-alternatives 2016-05-17 09:03:01: run with --install /usr/bin/ex ex /usr/bin/vim.basic 30 --slave /usr/share/man/fr/man1/ex.1.gz ex.fr.1.gz /usr/share/man/fr/man1/vim.1.gz --slave /usr/share/man/it/man1/ex.1.gz ex.it.1.gz /usr/share/man/it/man1/vim.1.gz --slave /usr/share/man/pl/man1/ex.1.gz ex.pl.1.gz /usr/share/man/pl/man1/vim.1.gz --slave /usr/share/man/ru/man1/ex.1.gz ex.ru.1.gz /usr/share/man/ru/man1/vim.1.gz --slave /usr/share/man/ja/man1/ex.1.gz ex.ja.1.gz /usr/share/man/ja/man1/vim.1.gz --slave /usr/share/man/man1/ex.1.gz ex.1.gz /usr/share/man/man1/vim.1.gz
update-alternatives 2016-05-17 09:03:01: link group ex updated to point to /usr/bin/vim.basic
update-alternatives 2016-05-17 09:03:01: run with --install /usr/bin/editor editor /usr/bin/vim.basic 30 --slave /usr/share/man/fr/man1/editor.1.gz editor.fr.1.gz /usr/share/man/fr/man1/vim.1.gz --slave /usr/share/man/it/man1/editor.1.gz editor.it.1.gz /usr/share/man/it/man1/vim.1.gz --slave /usr/share/man/pl/man1/editor.1.gz editor.pl.1.gz /usr/share/man/pl/man1/vim.1.gz --slave /usr/share/man/ru/man1/editor.1.gz editor.ru.1.gz /usr/share/man/ru/man1/vim.1.gz --slave /usr/share/man/ja/man1/editor.1.gz editor.ja.1.gz /usr/share/man/ja/man1/vim.1.gz --slave /usr/share/man/man1/editor.1.gz editor.1.gz /usr/share/man/man1/vim.1.gz
update-alternatives 2016-05-17 09:03:01: link group editor updated to point to /usr/bin/vim.basic
update-alternatives 2016-05-17 13:27:02: run with --install /usr/bin/frm frm /usr/bin/frm.mailutils 20 --slave /usr/share/man/man1/frm.1.gz frm.1.gz /usr/share/man/man1/frm.mailutils.1.gz
update-alternatives 2016-05-17 13:27:02: link group frm updated to point to /usr/bin/frm.mailutils
update-alternatives 2016-05-17 13:27:02: run with --install /usr/bin/from from /usr/bin/from.mailutils 20 --slave /usr/share/man/man1/from.1.gz from.1.gz /usr/share/man/man1/from.mailutils.1.gz
update-alternatives 2016-05-17 13:27:02: link group from updated to point to /usr/bin/from.mailutils
update-alternatives 2016-05-17 13:27:02: run with --install /usr/bin/messages messages /usr/bin/messages.mailutils 20 --slave /usr/share/man/man1/messages.1.gz messages.1.gz /usr/share/man/man1/messages.mailutils.1.gz
update-alternatives 2016-05-17 13:27:02: link group messages updated to point to /usr/bin/messages.mailutils
update-alternatives 2016-05-17 13:27:02: run with --install /usr/bin/movemail movemail /usr/bin/movemail.mailutils 20 --slave /usr/share/man/man1/movemail.1.gz movemail.1.gz /usr/share/man/man1/movemail.mailutils.1.gz
update-alternatives 2016-05-17 13:27:02: link group movemail updated to point to /usr/bin/movemail.mailutils
update-alternatives 2016-05-17 13:27:02: run with --install /usr/bin/readmsg readmsg /usr/bin/readmsg.mailutils 20 --slave /usr/share/man/man1/readmsg.1.gz readmsg.1.gz /usr/share/man/man1/readmsg.mailutils.1.gz
update-alternatives 2016-05-17 13:27:02: link group readmsg updated to point to /usr/bin/readmsg.mailutils
update-alternatives 2016-05-17 13:27:02: run with --install /usr/bin/dotlock dotlock /usr/bin/dotlock.mailutils 4 --slave /usr/share/man/man1/dotlock.1.gz dotlock.1.gz /usr/share/man/man1/dotlock.mailutils.1.gz
update-alternatives 2016-05-17 13:27:02: link group dotlock updated to point to /usr/bin/dotlock.mailutils
update-alternatives 2016-05-17 13:27:02: run with --install /usr/bin/mailx mailx /usr/bin/mail.mailutils 30 --slave /usr/share/man/man1/mailx.1.gz mailx.1.gz /usr/share/man/man1/mail.mailutils.1.gz --slave /usr/bin/mail mail /usr/bin/mail.mailutils --slave /usr/share/man/man1/mail.1.gz mail.1.gz /usr/share/man/man1/mail.mailutils.1.gz
update-alternatives 2016-05-17 13:27:02: link group mailx updated to point to /usr/bin/mail.mailutils
